<?xml version="1.0" encoding="UTF-8"?>
<!-- Generated by org.testng.reporters.JUnitXMLReporter -->
<testsuite ignored="0" hostname="LAPTOP-JO1IPVKJ" failures="0" tests="2" name="Test" time="0.29" errors="0" timestamp="2022-02-20T22:38:50 IST">
  <testcase classname="testClass.ActiTimeAppNg" name="@BeforeClass launchTheBrowser" time="0.201">
    <failure type="java.lang.IllegalStateException" message="The driver executable does not exist: C:\Users\User\Downloads\chromedriver_win32 (1)\chromedriver.exe">
      <![CDATA[java.lang.IllegalStateException: The driver executable does not exist: C:\Users\User\Downloads\chromedriver_win32 (1)\chromedriver.exe
at com.google.common.base.Preconditions.checkState(Preconditions.java:585)
at org.openqa.selenium.remote.service.DriverService.checkExecutable(DriverService.java:146)
at org.openqa.selenium.remote.service.DriverService.findExecutable(DriverService.java:141)
at org.openqa.selenium.chrome.ChromeDriverService.access$000(ChromeDriverService.java:35)
at org.openqa.selenium.chrome.ChromeDriverService$Builder.findDefaultExecutable(ChromeDriverService.java:159)
at org.openqa.selenium.remote.service.DriverService$Builder.build(DriverService.java:355)
at org.openqa.selenium.chrome.ChromeDriverService.createDefaultService(ChromeDriverService.java:94)
at org.openqa.selenium.chrome.ChromeDriver.<init>(ChromeDriver.java:123)
at Util.BrowserLunch.CheromeDriver(BrowserLunch.java:11)
at testClass.ActiTimeAppNg.launchTheBrowser(ActiTimeAppNg.java:48)
at java.base/java.util.ArrayList.forEach(ArrayList.java:1511)
... Removed 25 stack frames]]>
    </failure>
  </testcase> <!-- @BeforeClass launchTheBrowser -->
  <testcase classname="testClass.ActiTimeAppNg" name="@BeforeMethod LoginIntoActiTime" time="0.0">
    <skipped/>
  </testcase> <!-- @BeforeMethod LoginIntoActiTime -->
  <testcase classname="testClass.ActiTimeAppNg" name="@AfterMethod LogoutFromActiTime" time="0.0">
    <skipped/>
  </testcase> <!-- @AfterMethod LogoutFromActiTime -->
  <testcase classname="testClass.ActiTimeAppNg" name="@BeforeMethod LoginIntoActiTime" time="0.0">
    <skipped/>
  </testcase> <!-- @BeforeMethod LoginIntoActiTime -->
  <testcase classname="testClass.ActiTimeAppNg" name="@AfterMethod LogoutFromActiTime" time="0.0">
    <skipped/>
  </testcase> <!-- @AfterMethod LogoutFromActiTime -->
  <testcase classname="testClass.ActiTimeAppNg" name="@AfterClass ConnectionClosed" time="0.0">
    <skipped/>
  </testcase> <!-- @AfterClass ConnectionClosed -->
  <testcase classname="testClass.ActiTimeAppNg" name="AddUser" time="0.0">
    <skipped/>
  </testcase> <!-- AddUser -->
  <testcase classname="testClass.ActiTimeAppNg" name="CloseUserBtnValidation" time="0.0">
    <skipped/>
  </testcase> <!-- CloseUserBtnValidation -->
</testsuite> <!-- Test -->
