<?xml version="1.0" encoding="UTF-8"?>
<!-- Generated by org.testng.reporters.JUnitXMLReporter -->
<testsuite ignored="1" hostname="LAPTOP-JO1IPVKJ" failures="0" tests="1" name="Test1" time="0.029" errors="0" timestamp="2022-02-20T22:38:50 IST">
  <testcase classname="testClass.ActiTimeAppNg" name="@BeforeClass launchTheBrowser" time="0.016">
    <failure type="org.openqa.selenium.WebDriverException" message="Cannot find firefox binary in PATH. Make sure firefox is installed. OS appears to be: WIN10
Build info: version: &amp;apos;3.141.59&amp;apos;, revision: &amp;apos;e82be7d358&amp;apos;, time: &amp;apos;2018-11-14T08:17:03&amp;apos;
System info: host: &amp;apos;LAPTOP-JO1IPVKJ&amp;apos;, ip: &amp;apos;192.168.0.103&amp;apos;, os.name: &amp;apos;Windows 10&amp;apos;, os.arch: &amp;apos;amd64&amp;apos;, os.version: &amp;apos;10.0&amp;apos;, java.version: &amp;apos;17&amp;apos;
Driver info: driver.version: FirefoxDriver">
      <![CDATA[org.openqa.selenium.WebDriverException: Cannot find firefox binary in PATH. Make sure firefox is installed. OS appears to be: WIN10
Build info: version: '3.141.59', revision: 'e82be7d358', time: '2018-11-14T08:17:03'
System info: host: 'LAPTOP-JO1IPVKJ', ip: '192.168.0.103', os.name: 'Windows 10', os.arch: 'amd64', os.version: '10.0', java.version: '17'
Driver info: driver.version: FirefoxDriver
at org.openqa.selenium.firefox.FirefoxBinary.<init>(FirefoxBinary.java:100)
at java.base/java.util.Optional.orElseGet(Optional.java:364)
at org.openqa.selenium.firefox.FirefoxOptions.getBinary(FirefoxOptions.java:216)
at org.openqa.selenium.firefox.FirefoxDriver.toExecutor(FirefoxDriver.java:187)
at org.openqa.selenium.firefox.FirefoxDriver.<init>(FirefoxDriver.java:147)
at org.openqa.selenium.firefox.FirefoxDriver.<init>(FirefoxDriver.java:125)
at Util.BrowserLunch.FireFoxDriver(BrowserLunch.java:17)
at testClass.ActiTimeAppNg.launchTheBrowser(ActiTimeAppNg.java:45)
at java.base/java.util.ArrayList.forEach(ArrayList.java:1511)
... Removed 25 stack frames]]>
    </failure>
  </testcase> <!-- @BeforeClass launchTheBrowser -->
  <testcase classname="testClass.ActiTimeAppNg" name="@BeforeMethod LoginIntoActiTime" time="0.0">
    <skipped/>
  </testcase> <!-- @BeforeMethod LoginIntoActiTime -->
  <testcase classname="testClass.ActiTimeAppNg" name="@AfterMethod LogoutFromActiTime" time="0.0">
    <skipped/>
  </testcase> <!-- @AfterMethod LogoutFromActiTime -->
  <testcase classname="testClass.ActiTimeAppNg" name="@AfterClass ConnectionClosed" time="0.0">
    <skipped/>
  </testcase> <!-- @AfterClass ConnectionClosed -->
  <testcase classname="testClass.ActiTimeAppNg" name="CloseUserBtnValidation" time="0.0">
    <skipped/>
  </testcase> <!-- CloseUserBtnValidation -->
  <testcase classname="testClass.ActiTimeAppNg" name="AddUser" time="0.0">
    <ignored/>
  </testcase> <!-- AddUser -->
</testsuite> <!-- Test1 -->
